# JRE version: OpenJDK Runtime Environment (25.0+36) (build 25+36-3489)
# Java VM: OpenJDK 64-Bit Server VM (25+36-3489, mixed mode, sharing, tiered, compressed oops, compressed class ptrs, g1 gc, windows-amd64)
GC Precious Log:
 CardTable entry size: 512
 Card Set container configuration: InlinePtr #cards 4 size 8 Array Of Cards #cards 16 size 48 Howl #buckets 8 coarsen threshold 3686 Howl Bitmap #cards 512 size 80 coarsen threshold 460 Card regions per heap region 1 cards per card region 4096
 CPUs: 12 total, 12 available
 Memory: 16108M
 Large Page Support: Disabled
 NUMA Support: Disabled
 Compressed Oops: Enabled (Zero based)
 Heap Region Size: 2M
 Heap Min Capacity: 8M
 Heap Initial Capacity: 252M
 Heap Max Capacity: 4028M
 Pre-touch: Disabled
 Parallel Workers: 10
 Concurrent Workers: 3
 Concurrent Refinement Workers: 10
 Periodic GC: Disabled
Heap:
 garbage-first heap   total reserved 4124672K, committed 77824K, used 67839K [0x0000000704400000, 0x0000000800000000)
  region size 2048K, 20 young (40960K), 2 survivors (4096K)
GC Heap Usage History (20 events):
Event: 2.498 {heap Before GC invocations=5 (full 0):
 garbage-first heap   total reserved 4124672K, committed 77824K, used 30978K [0x0000000704400000, 0x0000000800000000)
  region size 2048K, 8 young (16384K), 2 survivors (4096K)
}
Event: 2.500 {heap After GC invocations=6 (full 0):
 garbage-first heap   total reserved 4124672K, committed 77824K, used 20881K [0x0000000704400000, 0x0000000800000000)
  region size 2048K, 2 young (4096K), 2 survivors (4096K)
}
Event: 3.054 {heap Before GC invocations=7 (full 0):
 garbage-first heap   total reserved 4124672K, committed 77824K, used 55697K [0x0000000704400000, 0x0000000800000000)
  region size 2048K, 20 young (40960K), 2 survivors (4096K)
}
Event: 3.057 {heap After GC invocations=8 (full 0):
 garbage-first heap   total reserved 4124672K, committed 77824K, used 23182K [0x0000000704400000, 0x0000000800000000)
  region size 2048K, 3 young (6144K), 3 survivors (6144K)
}
Event: 3.553 {heap Before GC invocations=8 (full 0):
 garbage-first heap   total reserved 4124672K, committed 77824K, used 60046K [0x0000000704400000, 0x0000000800000000)
  region size 2048K, 21 young (43008K), 3 survivors (6144K)
}
Event: 3.557 {heap After GC invocations=9 (full 0):
 garbage-first heap   total reserved 4124672K, committed 77824K, used 25173K [0x0000000704400000, 0x0000000800000000)
  region size 2048K, 3 young (6144K), 3 survivors (6144K)
}
Event: 3.828 {heap Before GC invocations=9 (full 0):
 garbage-first heap   total reserved 4124672K, committed 77824K, used 43605K [0x0000000704400000, 0x0000000800000000)
  region size 2048K, 13 young (26624K), 3 survivors (6144K)
}
Event: 3.831 {heap After GC invocations=10 (full 0):
 garbage-first heap   total reserved 4124672K, committed 77824K, used 26956K [0x0000000704400000, 0x0000000800000000)
  region size 2048K, 2 young (4096K), 2 survivors (4096K)
}
Event: 4.398 {heap Before GC invocations=11 (full 0):
 garbage-first heap   total reserved 4124672K, committed 77824K, used 63820K [0x0000000704400000, 0x0000000800000000)
  region size 2048K, 20 young (40960K), 2 survivors (4096K)
}
Event: 4.401 {heap After GC invocations=12 (full 0):
 garbage-first heap   total reserved 4124672K, committed 77824K, used 30670K [0x0000000704400000, 0x0000000800000000)
  region size 2048K, 3 young (6144K), 3 survivors (6144K)
}
Event: 4.631 {heap Before GC invocations=12 (full 0):
 garbage-first heap   total reserved 4124672K, committed 77824K, used 63438K [0x0000000704400000, 0x0000000800000000)
  region size 2048K, 19 young (38912K), 3 survivors (6144K)
}
Event: 4.634 {heap After GC invocations=13 (full 0):
 garbage-first heap   total reserved 4124672K, committed 77824K, used 31676K [0x0000000704400000, 0x0000000800000000)
  region size 2048K, 1 young (2048K), 1 survivors (2048K)
}
Event: 645.474 {heap Before GC invocations=13 (full 0):
 garbage-first heap   total reserved 4124672K, committed 77824K, used 66492K [0x0000000704400000, 0x0000000800000000)
  region size 2048K, 18 young (36864K), 1 survivors (2048K)
}
Event: 645.476 {heap After GC invocations=14 (full 0):
 garbage-first heap   total reserved 4124672K, committed 77824K, used 32566K [0x0000000704400000, 0x0000000800000000)
  region size 2048K, 2 young (4096K), 2 survivors (4096K)
}
Event: 1811.299 {heap Before GC invocations=14 (full 0):
 garbage-first heap   total reserved 4124672K, committed 77824K, used 67382K [0x0000000704400000, 0x0000000800000000)
  region size 2048K, 19 young (38912K), 2 survivors (4096K)
}
Event: 1811.329 {heap After GC invocations=15 (full 0):
 garbage-first heap   total reserved 4124672K, committed 77824K, used 33179K [0x0000000704400000, 0x0000000800000000)
  region size 2048K, 2 young (4096K), 2 survivors (4096K)
}
Event: 3097.806 {heap Before GC invocations=16 (full 0):
 garbage-first heap   total reserved 4124672K, committed 77824K, used 65947K [0x0000000704400000, 0x0000000800000000)
  region size 2048K, 19 young (38912K), 2 survivors (4096K)
}
Event: 3097.867 {heap After GC invocations=17 (full 0):
 garbage-first heap   total reserved 4124672K, committed 77824K, used 33572K [0x0000000704400000, 0x0000000800000000)
  region size 2048K, 2 young (4096K), 2 survivors (4096K)
}
Event: 5356.313 {heap Before GC invocations=17 (full 0):
 garbage-first heap   total reserved 4124672K, committed 77824K, used 70436K [0x0000000704400000, 0x0000000800000000)
  region size 2048K, 20 young (40960K), 2 survivors (4096K)
}
Event: 5356.348 {heap After GC invocations=18 (full 0):
 garbage-first heap   total reserved 4124672K, committed 77824K, used 33023K [0x0000000704400000, 0x0000000800000000)
  region size 2048K, 2 young (4096K), 2 survivors (4096K)
}

